<?xml version="1.0" encoding="UTF-8"?>
<!-- Generated by org.testng.reporters.JUnitXMLReporter -->
<testsuite ignored="0" hostname="DESKTOP-GNIV0G0" failures="0" tests="12" name="Surefire test" time="373.137" errors="0" timestamp="2023-03-31T00:31:41 IST">
  <testcase classname="com.qa.testcases.ContactsPageTest" name="verifyContactsPageLabelTest" time="0.032"/>
  <testcase classname="com.qa.testcases.ContactsPageTest" name="selectSingleContactsTest" time="0.053"/>
  <testcase classname="com.qa.testcases.ContactsPageTest" name="selectMultipleContactsTest" time="0.104"/>
  <testcase classname="com.qa.testcases.ContactsPageTest" name="validateNewContact" time="11.881"/>
  <testcase classname="com.qa.testcases.ContactsPageTest" name="validateNewContact" time="10.56"/>
  <testcase classname="com.qa.testcases.ContactsPageTest" name="validateNewContact" time="11.513"/>
  <testcase classname="com.qa.testcases.HomePageTest" name="verifyHomePageTitleTest" time="0.004"/>
  <testcase classname="com.qa.testcases.HomePageTest" name="verifyUserNameTest" time="0.041"/>
  <testcase classname="com.qa.testcases.HomePageTest" name="verifyContactsLinkTest" time="5.127"/>
  <testcase classname="com.qa.testcases.LoginPageTest" name="loginPageTitleTest" time="0.005"/>
  <testcase classname="com.qa.testcases.LoginPageTest" name="crmLogoImageTest" time="0.019"/>
  <testcase classname="com.qa.testcases.LoginPageTest" name="loginTest" time="14.596"/>
</testsuite> <!-- Surefire test -->
