<?xml version="1.0" encoding="UTF-8"?>
<!-- Generated by org.testng.reporters.JUnitXMLReporter -->
<testsuite ignored="0" hostname="DESKTOP-GNIV0G0" failures="0" tests="3" name="Default test" time="77.205" errors="0" timestamp="2023-03-30T18:46:14 IST">
  <testcase classname="com.qa.testcases.HomePageTest" name="verifyHomePageTitleTest" time="0.009"/>
  <testcase classname="com.qa.testcases.HomePageTest" name="verifyUserNameTest" time="0.048"/>
  <testcase classname="com.qa.testcases.HomePageTest" name="verifyContactsLinkTest" time="4.447"/>
</testsuite> <!-- Default test -->
