<?xml version="1.0" encoding="UTF-8"?>
<!-- Generated by org.testng.reporters.JUnitXMLReporter -->
<testsuite ignored="0" hostname="DESKTOP-GNIV0G0" failures="0" tests="9" name="Free CRM App Test cases" time="215.458" errors="0" timestamp="2023-03-28T15:25:30 IST">
  <testcase classname="com.qa.testcases.LoginPageTest" name="loginPageTitleTest" time="0.01"/>
  <testcase classname="com.qa.testcases.LoginPageTest" name="crmLogoImageTest" time="0.029"/>
  <testcase classname="com.qa.testcases.LoginPageTest" name="loginTest" time="12.354"/>
  <testcase classname="com.qa.testcases.HomePageTest" name="verifyHomePageTitleTest" time="0.004"/>
  <testcase classname="com.qa.testcases.HomePageTest" name="verifyUserNameTest" time="0.046"/>
  <testcase classname="com.qa.testcases.HomePageTest" name="verifyContactsLinkTest" time="5.095"/>
  <testcase classname="com.qa.testcases.ContactsPageTest" name="verifyContactsPageLabelTest" time="0.021"/>
  <testcase classname="com.qa.testcases.ContactsPageTest" name="selectSingleContactsTest" time="0.046"/>
  <testcase classname="com.qa.testcases.ContactsPageTest" name="selectMultipleContactsTest" time="0.089"/>
</testsuite> <!-- Free CRM App Test cases -->
